PLINK v1.90b7 64-bit (16 Jan 2023)
Options in effect:
  --adjust
  --assoc
  --file input/corrected_2.25.24/geno_data_pr
  --out results/corrected_results_2.25.24/corrected_pr_2.25.25

Hostname: Ashleys-MacBook-Air-49.local
Working directory: /Users/ashleydye/Documents/THESIS_Calls and Genes Project/Final_data_analysis/plink_final
Start time: Tue Feb 25 14:42:17 2025

Random number seed: 1740516137
16384 MB RAM detected; reserving 8192 MB for main workspace.
Scanning .ped file... done.
Performing single-pass .bed write (2 variants, 64 people).
--file: results/corrected_results_2.25.24/corrected_pr_2.25.25-temporary.bed +
results/corrected_results_2.25.24/corrected_pr_2.25.25-temporary.bim +
results/corrected_results_2.25.24/corrected_pr_2.25.25-temporary.fam written.
2 variants loaded from .bim file.
64 people (64 males, 0 females) loaded from .fam.
64 phenotype values loaded from .fam.
Using 1 thread (no multithreaded calculations invoked).
Before main variant filters, 64 founders and 0 nonfounders present.
Calculating allele frequencies... done.
Total genotyping rate is exactly 1.
2 variants and 64 people pass filters and QC.
Phenotype data is quantitative.
Writing QT --assoc report to
results/corrected_results_2.25.24/corrected_pr_2.25.25.qassoc ... done.
--adjust: Genomic inflation est. lambda (based on median chisq) = 1.
--adjust values (2 variants) written to
results/corrected_results_2.25.24/corrected_pr_2.25.25.qassoc.adjusted .

End time: Tue Feb 25 14:42:17 2025
